4.0.3 2023-05-24 12:53:07,380 INFO 140449894770496 - schedule_scan_endpoint value [] 
4.0.3 2023-05-24 12:53:07,386 INFO 140449894770496 - Writing scan summary
4.0.3 2023-05-24 12:53:07,393 INFO 140449894770496 - Scan summary written.
4.0.3 2023-05-24 12:53:07,393 INFO 140449894770496 - Adding python scan summary to logs.
4.0.3 2023-05-24 12:53:07,393 INFO 140449894770496 - Writing data to autdit file.
4.0.3 2023-05-24 12:53:07,426 INFO 140449894770496 - Successfully written to audit file.
4.0.3 2023-05-25 10:54:00,865 INFO 140616092809024 - schedule_scan_endpoint value [] 
4.0.3 2023-05-25 10:54:00,866 INFO 140616092809024 - Writing scan summary
4.0.3 2023-05-25 10:54:00,867 INFO 140616092809024 - Scan summary written.
4.0.3 2023-05-25 10:54:00,867 INFO 140616092809024 - Adding python scan summary to logs.
4.0.3 2023-05-25 10:54:00,867 INFO 140616092809024 - Writing data to autdit file.
4.0.3 2023-05-25 10:54:00,885 INFO 140616092809024 - Successfully written to audit file.
4.0.3 2023-06-05 16:00:07,115 INFO 140013855221568 - schedule_scan_endpoint value [] 
4.0.3 2023-06-05 16:00:07,116 INFO 140013855221568 - Writing scan summary
4.0.3 2023-06-05 16:00:07,118 INFO 140013855221568 - Scan summary written.
4.0.3 2023-06-05 16:00:07,118 INFO 140013855221568 - Adding python scan summary to logs.
4.0.3 2023-06-05 16:00:07,118 INFO 140013855221568 - Writing data to autdit file.
4.0.3 2023-06-05 16:00:07,172 INFO 140013855221568 - Successfully written to audit file.
4.0.3 2023-06-06 16:00:03,658 INFO 140640846124864 - schedule_scan_endpoint value [] 
4.0.3 2023-06-06 16:00:03,658 INFO 140640846124864 - Writing scan summary
4.0.3 2023-06-06 16:00:03,659 INFO 140640846124864 - Scan summary written.
4.0.3 2023-06-06 16:00:03,659 INFO 140640846124864 - Adding python scan summary to logs.
4.0.3 2023-06-06 16:00:03,659 INFO 140640846124864 - Writing data to autdit file.
4.0.3 2023-06-06 16:00:03,676 INFO 140640846124864 - Successfully written to audit file.
