06-07-2023 10:29:25.672 INFO  dispatchRunner [1079 MainThread] - Search process mode: preforked (first search in process) (build de405f4a7979).
06-07-2023 10:29:25.675 INFO  dispatchRunner [1079 MainThread] - initing LicenseMgr in search process: nonPro=0
06-07-2023 10:29:25.677 INFO  LMStackMgr [1079 MainThread] - Initializing CleMgr...
06-07-2023 10:29:25.677 INFO  LicenseMgr [1079 MainThread] - Initing LicenseMgr
06-07-2023 10:29:25.678 INFO  LMConfig [1079 MainThread] - serverName=83ab9769e42e guid=3A2CADE8-05FE-4F57-BBB1-71383F3FF5D3
06-07-2023 10:29:25.688 INFO  LMConfig [1079 MainThread] - connection_timeout=30
06-07-2023 10:29:25.699 INFO  LMConfig [1079 MainThread] - send_timeout=30
06-07-2023 10:29:25.699 INFO  LMConfig [1079 MainThread] - receive_timeout=30
06-07-2023 10:29:25.700 INFO  LMConfig [1079 MainThread] - key=license_warnings_update_interval not found in licenser stanza of server.conf, defaulting=0
06-07-2023 10:29:25.700 INFO  LMConfig [1079 MainThread] - squash_threshold=2000
06-07-2023 10:29:25.700 INFO  LMConfig [1079 MainThread] - strict_pool_quota=1
06-07-2023 10:29:25.700 INFO  LMConfig [1079 MainThread] - key=pool_suggestion not found in licenser stanza of server.conf, defaulting=''
06-07-2023 10:29:25.700 INFO  LMConfig [1079 MainThread] - key=test_aws_metering not found in licenser stanza of server.conf, defaulting=0
06-07-2023 10:29:25.700 INFO  LMConfig [1079 MainThread] - key=test_aws_product_code not found in licenser stanza of server.conf, defaulting=0
06-07-2023 10:29:25.700 INFO  LicenseMgr [1079 MainThread] - Initing LicenseMgr runContext_splunkd=false
06-07-2023 10:29:25.702 INFO  LMStackMgr [1079 MainThread] - closing stack mgr
06-07-2023 10:29:25.703 INFO  LMSlaveInfo [1079 MainThread] - all slaves cleared
06-07-2023 10:29:25.712 INFO  LMStackMgr [1079 MainThread] - Initalized license_warnings_update_interval=auto
06-07-2023 10:29:25.712 INFO  LMStackMgr [1079 MainThread] - License Manager supports Conditional Licensing Enforcement. For baked in CLE policies, window_period=60 days, max_violations=45, for stack size below 107374182400 bytes
06-07-2023 10:29:25.713 INFO  LMLicense [1079 MainThread] - Applying default enforcement policy for free
06-07-2023 10:29:25.718 INFO  LMStackMgr [1079 MainThread] - Added policy WinSz=30 Warnings=3 MaxSize=0 isDefault=1 features= for free
06-07-2023 10:29:25.718 INFO  LMLicense [1079 MainThread] - Applying default enforcement policy for forwarder
06-07-2023 10:29:25.718 INFO  LMStackMgr [1079 MainThread] - Added policy WinSz=30 Warnings=5 MaxSize=0 isDefault=1 features= for forwarder
06-07-2023 10:29:25.735 INFO  LMStack [1079 MainThread] - Added type=download-trial license, from file=enttrial.lic, to stack=download-trial of group=Trial
06-07-2023 10:29:25.767 INFO  LMLicense [1079 MainThread] - Applying default enforcement policy for download-trial
06-07-2023 10:29:25.767 INFO  LMStackMgr [1079 MainThread] - created stack='download-trial'
06-07-2023 10:29:25.767 INFO  LMStackMgr [1079 MainThread] - Added policy WinSz=30 Warnings=5 MaxSize=0 isDefault=1 features= for download-trial
06-07-2023 10:29:25.767 INFO  LMStackMgr [1079 MainThread] - have to auto-set active stack group='Trial' reason='invalid/missing group id' gidStr='' oldGid=Invalid
06-07-2023 10:29:25.767 INFO  LMStackMgr [1079 MainThread] - added pool auto_generated_pool_download-trial to stack download-trial
06-07-2023 10:29:25.767 INFO  LMStackMgr [1079 MainThread] - added pool auto_generated_pool_forwarder to stack forwarder
06-07-2023 10:29:25.767 INFO  LMStackMgr [1079 MainThread] - added pool auto_generated_pool_free to stack free
06-07-2023 10:29:25.767 INFO  LMStackMgr [1079 MainThread] - Initialized hideQuotaWarning = "0"
06-07-2023 10:29:25.767 INFO  LMStackMgr [1079 MainThread] - init completed [3A2CADE8-05FE-4F57-BBB1-71383F3FF5D3,Trial,runContext_splunkd=false]
06-07-2023 10:29:25.767 INFO  LicenseMgr [1079 MainThread] - StackMgr init complete...
06-07-2023 10:29:25.767 INFO  LMTracker [1079 MainThread] - Setting default product type='enterprise'
06-07-2023 10:29:25.767 INFO  LMTracker [1079 MainThread] - this is not splunkd, will perform partial init
06-07-2023 10:29:25.767 INFO  LicenseMgr [1079 MainThread] - Tracker init complete...
06-07-2023 10:29:26.045 INFO  AdminManagerDispatch [1079 MainThread] - added factory for admin handler: 'licenses'
06-07-2023 10:29:26.045 INFO  AdminManagerDispatch [1079 MainThread] - added factory for admin handler: 'pools'
06-07-2023 10:29:26.045 INFO  AdminManagerDispatch [1079 MainThread] - added factory for admin handler: 'stacks'
06-07-2023 10:29:26.045 INFO  AdminManagerDispatch [1079 MainThread] - added factory for admin handler: 'groups'
06-07-2023 10:29:26.045 INFO  AdminManagerDispatch [1079 MainThread] - added factory for admin handler: 'slaves'
06-07-2023 10:29:26.045 INFO  AdminManagerDispatch [1079 MainThread] - added factory for admin handler: 'peers'
06-07-2023 10:29:26.045 INFO  AdminManagerDispatch [1079 MainThread] - added factory for admin handler: 'localslave'
06-07-2023 10:29:26.045 INFO  AdminManagerDispatch [1079 MainThread] - added factory for admin handler: 'localpeer'
06-07-2023 10:29:26.045 INFO  AdminManagerDispatch [1079 MainThread] - added factory for admin handler: 'licensermessages'
06-07-2023 10:29:26.045 INFO  AdminManagerDispatch [1079 MainThread] - added factory for admin handler: 'scriptedwarning'
06-07-2023 10:29:26.045 INFO  AdminManagerDispatch [1079 MainThread] - added factory for admin handler: 'licenseusage'
06-07-2023 10:29:26.046 INFO  LicenseMgr [1079 MainThread] - Initing LicenseMgr
06-07-2023 10:29:26.046 INFO  LMConfig [1079 MainThread] - serverName=83ab9769e42e guid=3A2CADE8-05FE-4F57-BBB1-71383F3FF5D3
06-07-2023 10:29:26.046 INFO  LMConfig [1079 MainThread] - connection_timeout=30
06-07-2023 10:29:26.046 INFO  LMConfig [1079 MainThread] - send_timeout=30
06-07-2023 10:29:26.058 INFO  LMConfig [1079 MainThread] - receive_timeout=30
06-07-2023 10:29:26.058 INFO  LMConfig [1079 MainThread] - key=license_warnings_update_interval not found in licenser stanza of server.conf, defaulting=0
06-07-2023 10:29:26.058 INFO  LMConfig [1079 MainThread] - squash_threshold=2000
06-07-2023 10:29:26.058 INFO  LMConfig [1079 MainThread] - strict_pool_quota=1
06-07-2023 10:29:26.058 INFO  LMConfig [1079 MainThread] - key=pool_suggestion not found in licenser stanza of server.conf, defaulting=''
06-07-2023 10:29:26.058 INFO  LMConfig [1079 MainThread] - key=test_aws_metering not found in licenser stanza of server.conf, defaulting=0
06-07-2023 10:29:26.058 INFO  LMConfig [1079 MainThread] - key=test_aws_product_code not found in licenser stanza of server.conf, defaulting=0
06-07-2023 10:29:26.059 INFO  dispatchRunner [1079 MainThread] - registering build time modules, count=1
06-07-2023 10:29:26.059 INFO  dispatchRunner [1079 MainThread] - registering search time components of build time module name=vix
06-07-2023 10:29:26.059 INFO  dispatchRunner [1079 MainThread] - Getting search configuration data from: /opt/splunk/etc/modules/parsing/config.xml
06-07-2023 10:29:26.079 WARN  SSLOptions [1079 MainThread] - server.conf/[kvstore]/sslVerifyServerCert is false disabling certificate validation; must be set to "true" for increased security
06-07-2023 10:29:26.120 INFO  BundlesSetup [1079 MainThread] - Setup stats for /opt/splunk/etc: wallclock_elapsed_msec=257, cpu_time_used=0.0368467, shared_services_generation=2, shared_services_population=1
06-07-2023 10:29:26.338 INFO  UserManagerPro [1079 MainThread] - Load authentication: forcing roles="admin, power, splunk-system-role, user"
06-07-2023 10:29:26.350 INFO  PipelineComponent [1079 MainThread] - Ingestion pipeline sets have been configured to use pipeline set policy=round_robin for multiple pipeline sets.
06-07-2023 10:29:26.358 INFO  UserManager [27817 RunDispatch] - Setting user context: splunk-system-user
06-07-2023 10:29:26.358 INFO  UserManager [27817 RunDispatch] - Done setting user context: NULL -> splunk-system-user
06-07-2023 10:29:26.359 INFO  dispatchRunner [27817 RunDispatch] - search context: user="splunk-system-user", app="splunk_archiver", bs-pathname="/opt/splunk/etc"
06-07-2023 10:29:26.746 INFO  SearchParser [27817 RunDispatch] - PARSING: | archivebuckets
06-07-2023 10:29:26.788 INFO  dispatchRunner [27817 RunDispatch] - Search running in non-clustered mode
06-07-2023 10:29:26.789 INFO  dispatchRunner [27817 RunDispatch] - SearchHeadInitSearchMs=430
06-07-2023 10:29:26.789 INFO  dispatchRunner [27817 RunDispatch] - Executing the Search orchestrator and iterator model (dfs=false).
06-07-2023 10:29:26.810 INFO  SearchOrchestrator [27817 RunDispatch] - SearchOrchestrator getting constructed
06-07-2023 10:29:26.810 INFO  SearchOrchestrator [27817 RunDispatch] -  Initialized the SRI
06-07-2023 10:29:26.848 INFO  SearchFeatureFlags [27817 RunDispatch] - Initializing feature flags from config. feature_seed=1479413346
06-07-2023 10:29:26.879 INFO  SearchFeatureFlags [27817 RunDispatch] - Setting feature_flag=parallelreduce:enablePreview:true
06-07-2023 10:29:26.880 INFO  SearchFeatureFlags [27817 RunDispatch] - Setting feature_flag=search:search_retry:false
06-07-2023 10:29:26.880 INFO  SearchFeatureFlags [27817 RunDispatch] - Setting feature_flag=search:search_retry_realtime:false
06-07-2023 10:29:26.880 INFO  SearchFeatureFlags [27817 RunDispatch] - Setting feature_flag=parallelreduce:autoAppliedPercentage:false
06-07-2023 10:29:26.880 INFO  SearchFeatureFlags [27817 RunDispatch] - Setting feature_flag=subsearch:enableConcurrentPipelineProcessing:false
06-07-2023 10:29:26.880 INFO  SearchFeatureFlags [27817 RunDispatch] - Setting feature_flag=stats:allow_stats_v2:true
06-07-2023 10:29:26.880 INFO  SearchFeatureFlags [27817 RunDispatch] - Setting feature_flag=search_optimization::set_required_fields:stats:false
06-07-2023 10:29:26.880 INFO  SearchFeatureFlags [27817 RunDispatch] - Setting feature_flag=searchresults:srs2:false
06-07-2023 10:29:26.880 INFO  SearchFeatureFlags [27817 RunDispatch] - Setting feature_flag=search:read_final_results_from_timeliner:true
06-07-2023 10:29:26.880 INFO  SearchOrchestrator [27817 RunDispatch] - Search feature_flags={"v":1,"enabledFeatures":["parallelreduce:enablePreview","stats:allow_stats_v2","search:read_final_results_from_timeliner"],"disabledFeatures":["search:search_retry","search:search_retry_realtime","parallelreduce:autoAppliedPercentage","subsearch:enableConcurrentPipelineProcessing","search_optimization::set_required_fields:stats","searchresults:srs2"]}
06-07-2023 10:29:26.880 INFO  ISplunkDispatch [27817 RunDispatch] - Not running in splunkd. Bundle replication not triggered.
06-07-2023 10:29:27.048 INFO  SearchOrchestrator [27829 searchOrchestrator] - Initialzing the run time settings for the orchestrator.
06-07-2023 10:29:27.048 INFO  UserManager [27829 searchOrchestrator] - Setting user context: splunk-system-user
06-07-2023 10:29:27.048 INFO  UserManager [27829 searchOrchestrator] - Done setting user context: NULL -> splunk-system-user
06-07-2023 10:29:27.053 INFO  AdaptiveSearchEngineSelector [27829 searchOrchestrator] - Search execution_plan=classic
06-07-2023 10:29:27.053 INFO  SearchOrchestrator [27829 searchOrchestrator] - Creating the search DAG.
06-07-2023 10:29:27.056 INFO  SearchParser [27829 searchOrchestrator] - PARSING: | archivebuckets
06-07-2023 10:29:27.061 INFO  DispatchStorageManagerInfo [27829 searchOrchestrator] - Successfully created new dispatch directory for search job. sid=10bf31e814e1bd9c_tmp dispatch_dir=/opt/splunk/var/run/splunk/dispatch/10bf31e814e1bd9c_tmp
06-07-2023 10:29:27.228 INFO  script [27829 searchOrchestrator] - found script file=/opt/splunk/etc/apps/splunk_archiver/bin/archivebuckets.py
06-07-2023 10:29:27.228 INFO  script [27829 searchOrchestrator] - stderr for script archivebuckets will be added to search.log
06-07-2023 10:29:27.228 INFO  DispatchThread [27829 searchOrchestrator] - BatchMode: allowBatchMode: 0, conf(1): 1, timeline/Status buckets(0):0, realtime(0):0, report pipe empty(0):1, reqTimeOrder(0):0, summarize(0):0, statefulStreaming(0):1
06-07-2023 10:29:27.255 INFO  DispatchThread [27829 searchOrchestrator] - Setup timeliner partialCommits=0
06-07-2023 10:29:27.255 INFO  DispatchThread [27829 searchOrchestrator] - Disabling usage of summaries for non-reporting search
06-07-2023 10:29:27.255 INFO  DispatchThread [27829 searchOrchestrator] - required fields list to add to remote search = *,_bkt,_cd,_si,host,index,linecount,source,sourcetype,splunk_server
06-07-2023 10:29:27.255 INFO  DispatchCommandProcessor [27829 searchOrchestrator] - summaryHash=NS3d9d854163f8f07a summaryId=3A2CADE8-05FE-4F57-BBB1-71383F3FF5D3_splunk_archiver_nobody_NS3d9d854163f8f07a remoteSearch=
06-07-2023 10:29:27.276 INFO  SearchParser [27829 searchOrchestrator] - PARSING: | archivebuckets
06-07-2023 10:29:27.276 INFO  script [27829 searchOrchestrator] - found script file=/opt/splunk/etc/apps/splunk_archiver/bin/archivebuckets.py
06-07-2023 10:29:27.276 INFO  script [27829 searchOrchestrator] - stderr for script archivebuckets will be added to search.log
06-07-2023 10:29:27.276 INFO  AstOptimizer [27829 searchOrchestrator] - SrchOptMetrics optimize_toJson=0.000350367
06-07-2023 10:29:27.301 INFO  SearchParser [27829 searchOrchestrator] - PARSING: | archivebuckets
06-07-2023 10:29:27.301 INFO  FederatedProviderVisitor [27829 searchOrchestrator] - Federated Whole Search Remote Execution Enabled: false
06-07-2023 10:29:27.302 INFO  AstOptimizer [27829 searchOrchestrator] - Data federation feature enabled: 0
06-07-2023 10:29:27.302 INFO  ProjElim [27829 searchOrchestrator] - Black listed processors=[addinfo]
06-07-2023 10:29:27.895 INFO  AstOptimizer [27829 searchOrchestrator] - SrchOptMetrics optimization=0.618570173
06-07-2023 10:29:27.901 INFO  SearchPhaseGenerator [27829 searchOrchestrator] - Optimized Search =| archivebuckets
06-07-2023 10:29:27.901 INFO  ScopedTimer [27829 searchOrchestrator] - search.optimize 0.625950089
06-07-2023 10:29:27.902 INFO  FederatedProviderVisitor [27829 searchOrchestrator] - Federated Whole Search Remote Execution Enabled: false
06-07-2023 10:29:28.269 INFO  SearchPhaseGenerator [27829 searchOrchestrator] - Number of involved federated deployments is 0.
06-07-2023 10:29:28.278 INFO  ParallelReducePolicy [27829 searchOrchestrator] - Current Search Head doesn't have any usable peers to use.
06-07-2023 10:29:28.280 INFO  PhaseNodeGenerationVisitor [27829 searchOrchestrator] - FallBackReason: Fallback to 2-phase mode because of empty split key of cmd: archivebuckets
06-07-2023 10:29:28.282 INFO  PhaseToPipelineVisitor [27829 searchOrchestrator] - Phase Search = | archivebuckets
06-07-2023 10:29:28.290 INFO  SearchParser [27829 searchOrchestrator] - PARSING: | archivebuckets
06-07-2023 10:29:28.291 INFO  script [27829 searchOrchestrator] - found script file=/opt/splunk/etc/apps/splunk_archiver/bin/archivebuckets.py
06-07-2023 10:29:28.293 INFO  script [27829 searchOrchestrator] - stderr for script archivebuckets will be added to search.log
06-07-2023 10:29:28.294 INFO  SearchPipeline [27829 searchOrchestrator] - ReportSearch=0 AllowBatchMode=0
06-07-2023 10:29:28.296 INFO  SearchPhaseGenerator [27829 searchOrchestrator] - No need for RTWindowProcessor
06-07-2023 10:29:28.296 INFO  SearchPhaseGenerator [27829 searchOrchestrator] - Adding timeliner to final phase
06-07-2023 10:29:28.296 INFO  SearchParser [27829 searchOrchestrator] - PARSING: | timeliner remote=0 partial_commits=0 max_events_per_bucket=500000 fieldstats_update_maxperiod=60 bucket=0
06-07-2023 10:29:28.305 INFO  TimelineCreator [27829 searchOrchestrator] - Creating timeline with remote=0 partialCommits=0 commitFreq=0 syncKSFreq=0 maxSyncKSPeriodTime=60000 bucket=0 latestTime=1686071820.000000 earliestTime=2147483647.000000
06-07-2023 10:29:28.305 INFO  SearchPhaseGenerator [27829 searchOrchestrator] - required fields list to add to different pipelines = *,_bkt,_cd,_si,host,index,linecount,source,sourcetype,splunk_server
06-07-2023 10:29:28.305 INFO  SearchPhaseGenerator [27829 searchOrchestrator] - Search Phases created.
06-07-2023 10:29:28.321 INFO  SearchOrchestrator [27829 searchOrchestrator] - Preview is not enabled. (preview_algorithm=NONE)
06-07-2023 10:29:28.332 INFO  UserManager [27829 searchOrchestrator] - Setting user context: splunk-system-user
06-07-2023 10:29:28.334 INFO  UserManager [27829 searchOrchestrator] - Done setting user context: splunk-system-user -> splunk-system-user
06-07-2023 10:29:28.334 INFO  UserManager [27829 searchOrchestrator] - Unwound user context: splunk-system-user -> splunk-system-user
06-07-2023 10:29:28.335 INFO  DistributedSearchResultCollectionManager [27829 searchOrchestrator] - Stream search: 
06-07-2023 10:29:28.344 INFO  UserManager [27840 SearchResultExecutorThread] - Setting user context: splunk-system-user
06-07-2023 10:29:28.344 INFO  UserManager [27840 SearchResultExecutorThread] - Done setting user context: NULL -> splunk-system-user
06-07-2023 10:29:28.344 INFO  UserManager [27840 SearchResultExecutorThread] - Unwound user context: splunk-system-user -> NULL
06-07-2023 10:29:28.344 INFO  UserManager [27841 SearchResultExecutorThread] - Setting user context: splunk-system-user
06-07-2023 10:29:28.344 INFO  UserManager [27841 SearchResultExecutorThread] - Done setting user context: NULL -> splunk-system-user
06-07-2023 10:29:28.345 INFO  UserManager [27841 SearchResultExecutorThread] - Unwound user context: splunk-system-user -> NULL
06-07-2023 10:29:28.350 INFO  UserManager [27842 SearchResultExecutorThread] - Setting user context: splunk-system-user
06-07-2023 10:29:28.352 INFO  UserManager [27842 SearchResultExecutorThread] - Done setting user context: NULL -> splunk-system-user
06-07-2023 10:29:28.352 INFO  UserManager [27842 SearchResultExecutorThread] - Unwound user context: splunk-system-user -> NULL
06-07-2023 10:29:28.352 INFO  UserManager [27843 SearchResultExecutorThread] - Setting user context: splunk-system-user
06-07-2023 10:29:28.354 INFO  UserManager [27843 SearchResultExecutorThread] - Done setting user context: NULL -> splunk-system-user
06-07-2023 10:29:28.355 INFO  UserManager [27843 SearchResultExecutorThread] - Unwound user context: splunk-system-user -> NULL
06-07-2023 10:29:28.352 INFO  UserManager [27844 SearchResultExecutorThread] - Setting user context: splunk-system-user
06-07-2023 10:29:28.356 INFO  UserManager [27844 SearchResultExecutorThread] - Done setting user context: NULL -> splunk-system-user
06-07-2023 10:29:28.356 INFO  UserManager [27844 SearchResultExecutorThread] - Unwound user context: splunk-system-user -> NULL
06-07-2023 10:29:28.357 INFO  SearchPhaseGenerator [27829 searchOrchestrator] - Time spends on creating distributed search results infrastructure; dispatchcreatedSearchResultInfrastructure=0.036548457 seconds.
06-07-2023 10:29:28.360 INFO  SearchOrchestrator [27829 searchOrchestrator] - Starting the status control thread.
06-07-2023 10:29:28.360 INFO  SearchOrchestrator [27829 searchOrchestrator] - Starting phase=1
06-07-2023 10:29:28.362 INFO  UserManager [27836 StatusEnforcerThread] - Setting user context: splunk-system-user
06-07-2023 10:29:28.362 INFO  UserManager [27836 StatusEnforcerThread] - Done setting user context: NULL -> splunk-system-user
06-07-2023 10:29:28.362 INFO  SearchStatusEnforcer [27836 StatusEnforcerThread] - Enforcing disk quota = 10485760000
06-07-2023 10:29:28.386 INFO  UserManager [27845 phase_1] - Setting user context: splunk-system-user
06-07-2023 10:29:28.386 INFO  UserManager [27845 phase_1] - Done setting user context: NULL -> splunk-system-user
06-07-2023 10:29:28.386 INFO  ReducePhaseExecutor [27845 phase_1] - Starting phase_1
06-07-2023 10:29:36.673 INFO  ReducePhaseExecutor [27845 phase_1] - Ending phase_1
06-07-2023 10:29:36.673 INFO  UserManager [27845 phase_1] - Unwound user context: splunk-system-user -> NULL
06-07-2023 10:29:36.680 INFO  ProxyConfig [27836 StatusEnforcerThread] - Failed to initialize http_proxy from server.conf for splunkd. Please make sure that the http_proxy property is set as http_proxy=http://host:port in case HTTP proxying needs to be enabled.
06-07-2023 10:29:36.680 INFO  ProxyConfig [27836 StatusEnforcerThread] - Failed to initialize https_proxy from server.conf for splunkd. Please make sure that the https_proxy property is set as https_proxy=http://host:port in case HTTP proxying needs to be enabled.
06-07-2023 10:29:36.680 INFO  ProxyConfig [27836 StatusEnforcerThread] - Failed to initialize the proxy_rules setting from server.conf for splunkd. Please provide a valid set of proxy_rules in case HTTP proxying needs to be enabled.
06-07-2023 10:29:36.680 INFO  ProxyConfig [27836 StatusEnforcerThread] - Failed to initialize the no_proxy setting from server.conf for splunkd. Please provide a valid set of no_proxy rules in case HTTP proxying needs to be enabled.
06-07-2023 10:29:36.682 WARN  SSLOptions [27836 StatusEnforcerThread] - <internal>.conf/[<internal>]/sslVerifyServerCert is false disabling certificate validation; must be set to "true" for increased security
06-07-2023 10:29:36.686 WARN  SSLOptions [27836 StatusEnforcerThread] - <internal>.conf/[<internal>]/sslVerifyServerCert is false disabling certificate validation; must be set to "true" for increased security
06-07-2023 10:29:36.696 INFO  SearchStatusEnforcer [27836 StatusEnforcerThread] - Triggered listener notification on state=onResults condition=1
06-07-2023 10:29:36.696 INFO  UserManager [27836 StatusEnforcerThread] - Unwound user context: splunk-system-user -> NULL
06-07-2023 10:29:36.702 INFO  DispatchStorageManager [27829 searchOrchestrator] - Remote storage disabled for search artifacts.
06-07-2023 10:29:36.702 INFO  DispatchManager [27829 searchOrchestrator] - DispatchManager::dispatchHasFinished(id='scheduler__nobody_c3BsdW5rX2FyY2hpdmVy__RMD5473cbac83d6c9db7_at_1686071820_3', username='splunk-system-user')
06-07-2023 10:29:36.702 INFO  UserManager [27829 searchOrchestrator] - Unwound user context: splunk-system-user -> NULL
06-07-2023 10:29:36.703 INFO  SearchStatusEnforcer [27817 RunDispatch] - SearchStatusEnforcer is already terminated
06-07-2023 10:29:36.703 INFO  UserManager [27817 RunDispatch] - Unwound user context: splunk-system-user -> NULL
06-07-2023 10:29:36.703 INFO  LookupDataProvider [27817 RunDispatch] - Clearing out lookup shared provider map
06-07-2023 10:29:36.704 INFO  dispatchRunner [1079 MainThread] - RunDispatch is done: sid=scheduler__nobody_c3BsdW5rX2FyY2hpdmVy__RMD5473cbac83d6c9db7_at_1686071820_3, exit=0
